<?xml version="1.0" encoding="UTF-8"?>
<!-- Generated by org.testng.reporters.JUnitReportReporter -->
<testsuite skipped="0" hostname="KIIT_11535" name="com.testrunners.TestRunner" tests="2" failures="0" timestamp="2021-06-07T13:42:28 IST" time="652.822" errors="1">
  <testcase name="runScenario" time="442.857" classname="com.testrunners.TestRunner"/>
  <system-out/>
  <testcase name="runScenario" time="209.965" classname="com.testrunners.TestRunner">
    <error type="java.lang.IndexOutOfBoundsException" message="Index: 0, Size: 0">
      <![CDATA[java.lang.IndexOutOfBoundsException: Index: 0, Size: 0
at java.util.ArrayList.rangeCheck(ArrayList.java:659)
at java.util.ArrayList.get(ArrayList.java:435)
at com.pages.FinalPage.verifyFlightDetails(FinalPage.java:33)
at com.stepdefinitions.MMTStepDefinition.verifyFlightDetails(MMTStepDefinition.java:121)
at ✽.Verify Booking details(file:///C:/Users/barkha.sinha/Internship_Training/TrainingAssignment/src/test/resources/FeatureFiles/MMTAutomation.feature:27)
]]>
    </error>
  </testcase> <!-- runScenario -->
  <system-out/>
</testsuite> <!-- com.testrunners.TestRunner -->
